2019-05-24 18:00:08,421 - StopsDilepton.samples.nanoTuples_Summer16_postProcessed - INFO - Loading MC samples from directory /dpm/oeaw.ac.at/home/cms/store/user/rschoefbeck/Stops2l-postprocessed/stops_2016_nano_v0p7/dilep/
2019-05-24 18:00:09,893 - RootTools.core.helpers - INFO - Found proxy /afs/hephy.at/user/p/phussain/private/.proxy with lifetime 191 hours
2019-05-24 18:00:09,893 - RootTools.core.Sample - INFO - Using proxy /afs/hephy.at/user/p/phussain/private/.proxy
2019-05-24 18:00:12,152 - RootTools.core.Sample - DEBUG - Sample now has selectionString: (1)
2019-05-24 18:00:12,153 - RootTools.core.Sample - DEBUG - Sample now has weightString: (1)
2019-05-24 18:00:12,153 - RootTools.core.Sample - DEBUG - Created new sample DY_HT_LO with 214 files, treeName Events,  selectionStrings [] and weightStrings [].
2019-05-24 18:00:12,153 - RootTools.core.Sample - DEBUG - Loaded sample DY_HT_LO from 214 files.
2019-05-24 18:00:13,659 - RootTools.core.helpers - INFO - Found proxy /afs/hephy.at/user/p/phussain/private/.proxy with lifetime 191 hours
2019-05-24 18:00:13,659 - RootTools.core.Sample - INFO - Using proxy /afs/hephy.at/user/p/phussain/private/.proxy
2019-05-24 18:00:16,961 - RootTools.core.Sample - DEBUG - Sample now has selectionString: (1)
2019-05-24 18:00:16,961 - RootTools.core.Sample - DEBUG - Sample now has weightString: (1)
2019-05-24 18:00:16,961 - RootTools.core.Sample - DEBUG - Created new sample DY_HT_M50_LO with 134 files, treeName Events,  selectionStrings [] and weightStrings [].
2019-05-24 18:00:16,961 - RootTools.core.Sample - DEBUG - Loaded sample DY_HT_M50_LO from 134 files.
2019-05-24 18:00:18,462 - RootTools.core.helpers - INFO - Found proxy /afs/hephy.at/user/p/phussain/private/.proxy with lifetime 191 hours
2019-05-24 18:00:18,462 - RootTools.core.Sample - INFO - Using proxy /afs/hephy.at/user/p/phussain/private/.proxy
2019-05-24 18:00:20,511 - RootTools.core.Sample - DEBUG - Sample now has selectionString: (1)
2019-05-24 18:00:20,512 - RootTools.core.Sample - DEBUG - Sample now has weightString: (1)
2019-05-24 18:00:20,512 - RootTools.core.Sample - DEBUG - Created new sample DY_HT_M5to50_LO with 80 files, treeName Events,  selectionStrings [] and weightStrings [].
2019-05-24 18:00:20,512 - RootTools.core.Sample - DEBUG - Loaded sample DY_HT_M5to50_LO from 80 files.
2019-05-24 18:00:22,035 - RootTools.core.helpers - INFO - Found proxy /afs/hephy.at/user/p/phussain/private/.proxy with lifetime 191 hours
2019-05-24 18:00:22,035 - RootTools.core.Sample - INFO - Using proxy /afs/hephy.at/user/p/phussain/private/.proxy
2019-05-24 18:00:22,849 - RootTools.core.Sample - DEBUG - Sample now has selectionString: (1)
2019-05-24 18:00:22,849 - RootTools.core.Sample - DEBUG - Sample now has weightString: (1)
2019-05-24 18:00:22,849 - RootTools.core.Sample - DEBUG - Created new sample Top_pow with 113 files, treeName Events,  selectionStrings [] and weightStrings [].
2019-05-24 18:00:22,849 - RootTools.core.Sample - DEBUG - Loaded sample Top_pow from 113 files.
2019-05-24 18:00:24,376 - RootTools.core.helpers - INFO - Found proxy /afs/hephy.at/user/p/phussain/private/.proxy with lifetime 191 hours
2019-05-24 18:00:24,376 - RootTools.core.Sample - INFO - Using proxy /afs/hephy.at/user/p/phussain/private/.proxy
2019-05-24 18:00:24,572 - RootTools.core.Sample - DEBUG - Sample now has selectionString: (1)
2019-05-24 18:00:24,573 - RootTools.core.Sample - DEBUG - Sample now has weightString: (1)
2019-05-24 18:00:24,573 - RootTools.core.Sample - DEBUG - Created new sample Top_1l_pow with 50 files, treeName Events,  selectionStrings [] and weightStrings [].
2019-05-24 18:00:24,573 - RootTools.core.Sample - DEBUG - Loaded sample Top_1l_pow from 50 files.
2019-05-24 18:00:26,094 - RootTools.core.helpers - INFO - Found proxy /afs/hephy.at/user/p/phussain/private/.proxy with lifetime 191 hours
2019-05-24 18:00:26,095 - RootTools.core.Sample - INFO - Using proxy /afs/hephy.at/user/p/phussain/private/.proxy
2019-05-24 18:00:26,726 - RootTools.core.Sample - DEBUG - Sample now has selectionString: (1)
2019-05-24 18:00:26,726 - RootTools.core.Sample - DEBUG - Sample now has weightString: (1)
2019-05-24 18:00:26,727 - RootTools.core.Sample - DEBUG - Created new sample singleTop with 23 files, treeName Events,  selectionStrings [] and weightStrings [].
2019-05-24 18:00:26,727 - RootTools.core.Sample - DEBUG - Loaded sample singleTop from 23 files.
2019-05-24 18:00:28,251 - RootTools.core.helpers - INFO - Found proxy /afs/hephy.at/user/p/phussain/private/.proxy with lifetime 191 hours
2019-05-24 18:00:28,251 - RootTools.core.Sample - INFO - Using proxy /afs/hephy.at/user/p/phussain/private/.proxy
2019-05-24 18:00:29,147 - RootTools.core.Sample - DEBUG - Sample now has selectionString: (1)
2019-05-24 18:00:29,148 - RootTools.core.Sample - DEBUG - Sample now has weightString: (1)
2019-05-24 18:00:29,148 - RootTools.core.Sample - DEBUG - Created new sample singleTop_tch with 40 files, treeName Events,  selectionStrings [] and weightStrings [].
2019-05-24 18:00:29,148 - RootTools.core.Sample - DEBUG - Loaded sample singleTop_tch from 40 files.
2019-05-24 18:00:30,700 - RootTools.core.helpers - INFO - Found proxy /afs/hephy.at/user/p/phussain/private/.proxy with lifetime 191 hours
2019-05-24 18:00:30,700 - RootTools.core.Sample - INFO - Using proxy /afs/hephy.at/user/p/phussain/private/.proxy
2019-05-24 18:00:31,710 - RootTools.core.Sample - DEBUG - Sample now has selectionString: (1)
2019-05-24 18:00:31,710 - RootTools.core.Sample - DEBUG - Sample now has weightString: (1)
2019-05-24 18:00:31,710 - RootTools.core.Sample - DEBUG - Created new sample TTX with 56 files, treeName Events,  selectionStrings [] and weightStrings [].
2019-05-24 18:00:31,710 - RootTools.core.Sample - DEBUG - Loaded sample TTX from 56 files.
2019-05-24 18:00:33,249 - RootTools.core.helpers - INFO - Found proxy /afs/hephy.at/user/p/phussain/private/.proxy with lifetime 191 hours
2019-05-24 18:00:33,249 - RootTools.core.Sample - INFO - Using proxy /afs/hephy.at/user/p/phussain/private/.proxy
2019-05-24 18:00:34,581 - RootTools.core.Sample - DEBUG - Sample now has selectionString: (1)
2019-05-24 18:00:34,581 - RootTools.core.Sample - DEBUG - Sample now has weightString: (1)
2019-05-24 18:00:34,582 - RootTools.core.Sample - DEBUG - Created new sample TTXNoZ with 43 files, treeName Events,  selectionStrings [] and weightStrings [].
2019-05-24 18:00:34,582 - RootTools.core.Sample - DEBUG - Loaded sample TTXNoZ from 43 files.
2019-05-24 18:00:36,078 - RootTools.core.helpers - INFO - Found proxy /afs/hephy.at/user/p/phussain/private/.proxy with lifetime 191 hours
2019-05-24 18:00:36,079 - RootTools.core.Sample - INFO - Using proxy /afs/hephy.at/user/p/phussain/private/.proxy
2019-05-24 18:00:36,204 - RootTools.core.Sample - DEBUG - Sample now has selectionString: (1)
2019-05-24 18:00:36,204 - RootTools.core.Sample - DEBUG - Sample now has weightString: (1)
2019-05-24 18:00:36,205 - RootTools.core.Sample - DEBUG - Created new sample TTH with 5 files, treeName Events,  selectionStrings [] and weightStrings [].
2019-05-24 18:00:36,205 - RootTools.core.Sample - DEBUG - Loaded sample TTH from 5 files.
2019-05-24 18:00:37,685 - RootTools.core.helpers - INFO - Found proxy /afs/hephy.at/user/p/phussain/private/.proxy with lifetime 191 hours
2019-05-24 18:00:37,686 - RootTools.core.Sample - INFO - Using proxy /afs/hephy.at/user/p/phussain/private/.proxy
2019-05-24 18:00:37,817 - RootTools.core.Sample - DEBUG - Sample now has selectionString: (1)
2019-05-24 18:00:37,818 - RootTools.core.Sample - DEBUG - Sample now has weightString: (1)
2019-05-24 18:00:37,818 - RootTools.core.Sample - DEBUG - Created new sample TTW with 16 files, treeName Events,  selectionStrings [] and weightStrings [].
2019-05-24 18:00:37,818 - RootTools.core.Sample - DEBUG - Loaded sample TTW from 16 files.
2019-05-24 18:00:39,356 - RootTools.core.helpers - INFO - Found proxy /afs/hephy.at/user/p/phussain/private/.proxy with lifetime 191 hours
2019-05-24 18:00:39,356 - RootTools.core.Sample - INFO - Using proxy /afs/hephy.at/user/p/phussain/private/.proxy
2019-05-24 18:00:39,822 - RootTools.core.Sample - DEBUG - Sample now has selectionString: (1)
2019-05-24 18:00:39,822 - RootTools.core.Sample - DEBUG - Sample now has weightString: (1)
2019-05-24 18:00:39,822 - RootTools.core.Sample - DEBUG - Created new sample TTZ with 13 files, treeName Events,  selectionStrings [] and weightStrings [].
2019-05-24 18:00:39,822 - RootTools.core.Sample - DEBUG - Loaded sample TTZ from 13 files.
2019-05-24 18:00:41,303 - RootTools.core.helpers - INFO - Found proxy /afs/hephy.at/user/p/phussain/private/.proxy with lifetime 191 hours
2019-05-24 18:00:41,303 - RootTools.core.Sample - INFO - Using proxy /afs/hephy.at/user/p/phussain/private/.proxy
2019-05-24 18:00:41,433 - RootTools.core.Sample - DEBUG - Sample now has selectionString: (1)
2019-05-24 18:00:41,433 - RootTools.core.Sample - DEBUG - Sample now has weightString: (1)
2019-05-24 18:00:41,433 - RootTools.core.Sample - DEBUG - Created new sample TTZtoNuNu with 9 files, treeName Events,  selectionStrings [] and weightStrings [].
2019-05-24 18:00:41,434 - RootTools.core.Sample - DEBUG - Loaded sample TTZtoNuNu from 9 files.
2019-05-24 18:00:42,965 - RootTools.core.helpers - INFO - Found proxy /afs/hephy.at/user/p/phussain/private/.proxy with lifetime 191 hours
2019-05-24 18:00:42,965 - RootTools.core.Sample - INFO - Using proxy /afs/hephy.at/user/p/phussain/private/.proxy
2019-05-24 18:00:43,091 - RootTools.core.Sample - DEBUG - Sample now has selectionString: (1)
2019-05-24 18:00:43,092 - RootTools.core.Sample - DEBUG - Sample now has weightString: (1)
2019-05-24 18:00:43,092 - RootTools.core.Sample - DEBUG - Created new sample TTZtoQQ with 4 files, treeName Events,  selectionStrings [] and weightStrings [].
2019-05-24 18:00:43,092 - RootTools.core.Sample - DEBUG - Loaded sample TTZtoQQ from 4 files.
2019-05-24 18:00:44,623 - RootTools.core.helpers - INFO - Found proxy /afs/hephy.at/user/p/phussain/private/.proxy with lifetime 191 hours
2019-05-24 18:00:44,623 - RootTools.core.Sample - INFO - Using proxy /afs/hephy.at/user/p/phussain/private/.proxy
2019-05-24 18:00:44,753 - RootTools.core.Sample - DEBUG - Sample now has selectionString: (1)
2019-05-24 18:00:44,753 - RootTools.core.Sample - DEBUG - Sample now has weightString: (1)
2019-05-24 18:00:44,753 - RootTools.core.Sample - DEBUG - Created new sample TZQ with 20 files, treeName Events,  selectionStrings [] and weightStrings [].
2019-05-24 18:00:44,753 - RootTools.core.Sample - DEBUG - Loaded sample TZQ from 20 files.
2019-05-24 18:00:46,255 - RootTools.core.helpers - INFO - Found proxy /afs/hephy.at/user/p/phussain/private/.proxy with lifetime 191 hours
2019-05-24 18:00:46,256 - RootTools.core.Sample - INFO - Using proxy /afs/hephy.at/user/p/phussain/private/.proxy
2019-05-24 18:00:46,508 - RootTools.core.Sample - DEBUG - Sample now has selectionString: (1)
2019-05-24 18:00:46,509 - RootTools.core.Sample - DEBUG - Sample now has weightString: (1)
2019-05-24 18:00:46,509 - RootTools.core.Sample - DEBUG - Created new sample TWZ with 2 files, treeName Events,  selectionStrings [] and weightStrings [].
2019-05-24 18:00:46,509 - RootTools.core.Sample - DEBUG - Loaded sample TWZ from 2 files.
2019-05-24 18:00:48,045 - RootTools.core.helpers - INFO - Found proxy /afs/hephy.at/user/p/phussain/private/.proxy with lifetime 191 hours
2019-05-24 18:00:48,046 - RootTools.core.Sample - INFO - Using proxy /afs/hephy.at/user/p/phussain/private/.proxy
2019-05-24 18:00:48,830 - RootTools.core.Sample - DEBUG - Sample now has selectionString: (1)
2019-05-24 18:00:48,831 - RootTools.core.Sample - DEBUG - Sample now has weightString: (1)
2019-05-24 18:00:48,831 - RootTools.core.Sample - DEBUG - Created new sample diBoson with 84 files, treeName Events,  selectionStrings [] and weightStrings [].
2019-05-24 18:00:48,831 - RootTools.core.Sample - DEBUG - Loaded sample diBoson from 84 files.
2019-05-24 18:00:50,363 - RootTools.core.helpers - INFO - Found proxy /afs/hephy.at/user/p/phussain/private/.proxy with lifetime 191 hours
2019-05-24 18:00:50,363 - RootTools.core.Sample - INFO - Using proxy /afs/hephy.at/user/p/phussain/private/.proxy
2019-05-24 18:00:50,647 - RootTools.core.Sample - DEBUG - Sample now has selectionString: (1)
2019-05-24 18:00:50,648 - RootTools.core.Sample - DEBUG - Sample now has weightString: (1)
2019-05-24 18:00:50,648 - RootTools.core.Sample - DEBUG - Created new sample triBoson with 4 files, treeName Events,  selectionStrings [] and weightStrings [].
2019-05-24 18:00:50,648 - RootTools.core.Sample - DEBUG - Loaded sample triBoson from 4 files.
2019-05-24 18:00:52,188 - RootTools.core.helpers - INFO - Found proxy /afs/hephy.at/user/p/phussain/private/.proxy with lifetime 191 hours
2019-05-24 18:00:52,189 - RootTools.core.Sample - INFO - Using proxy /afs/hephy.at/user/p/phussain/private/.proxy
2019-05-24 18:00:54,501 - RootTools.core.Sample - DEBUG - Sample now has selectionString: (1)
2019-05-24 18:00:54,502 - RootTools.core.Sample - DEBUG - Sample now has weightString: (1)
2019-05-24 18:00:54,502 - RootTools.core.Sample - DEBUG - Created new sample multiBoson with 88 files, treeName Events,  selectionStrings [] and weightStrings [].
2019-05-24 18:00:54,502 - RootTools.core.Sample - DEBUG - Loaded sample multiBoson from 88 files.
2019-05-24 18:00:56,018 - RootTools.core.helpers - INFO - Found proxy /afs/hephy.at/user/p/phussain/private/.proxy with lifetime 191 hours
2019-05-24 18:00:56,018 - RootTools.core.Sample - INFO - Using proxy /afs/hephy.at/user/p/phussain/private/.proxy
2019-05-24 18:00:56,176 - RootTools.core.Sample - DEBUG - Sample now has selectionString: (1)
2019-05-24 18:00:56,177 - RootTools.core.Sample - DEBUG - Sample now has weightString: (1)
2019-05-24 18:00:56,177 - RootTools.core.Sample - DEBUG - Created new sample ZZ4l with 20 files, treeName Events,  selectionStrings [] and weightStrings [].
2019-05-24 18:00:56,177 - RootTools.core.Sample - DEBUG - Loaded sample ZZ4l from 20 files.
2019-05-24 18:00:56,178 - RootTools.core.Sample - DEBUG - Sample now has selectionString: abs(met_pt-met_genPt)&&abs(met_pt-met_genPt)<=50&&l1_mcMatchId!=0&&l2_mcMatchId!=0
2019-05-24 18:00:56,179 - RootTools.core.Sample - DEBUG - Sample now has selectionString: abs(met_pt-met_genPt)>50&&l1_mcMatchId!=0&&l2_mcMatchId!=0
2019-05-24 18:00:56,179 - RootTools.core.Sample - DEBUG - Sample now has selectionString: !(l1_mcMatchId!=0&&l2_mcMatchId!=0)
2019-05-24 18:00:56,180 - StopsDilepton.samples.nanoTuples_Run2016_17Jul2018_postProcessed - INFO - Loading data samples from directory /dpm/oeaw.ac.at/home/cms/store/user/rschoefbeck/Stops2l-postprocessed/stops_2016_nano_v0p5/dilep/
2019-05-24 18:00:57,728 - RootTools.core.helpers - INFO - Found proxy /afs/hephy.at/user/p/phussain/private/.proxy with lifetime 191 hours
2019-05-24 18:00:57,728 - RootTools.core.Sample - INFO - Using proxy /afs/hephy.at/user/p/phussain/private/.proxy
2019-05-24 18:00:58,181 - RootTools.core.Sample - DEBUG - Sample now has selectionString: (1)
2019-05-24 18:00:58,181 - RootTools.core.Sample - DEBUG - Sample now has weightString: (1)
2019-05-24 18:00:58,181 - RootTools.core.Sample - DEBUG - Created new sample DoubleEG_Run2016BCD with 30 files, treeName Events,  selectionStrings [] and weightStrings [].
2019-05-24 18:00:58,181 - RootTools.core.Sample - DEBUG - Loaded sample DoubleEG_Run2016BCD from 30 files.
2019-05-24 18:00:59,698 - RootTools.core.helpers - INFO - Found proxy /afs/hephy.at/user/p/phussain/private/.proxy with lifetime 191 hours
2019-05-24 18:00:59,699 - RootTools.core.Sample - INFO - Using proxy /afs/hephy.at/user/p/phussain/private/.proxy
2019-05-24 18:01:00,149 - RootTools.core.Sample - DEBUG - Sample now has selectionString: (1)
2019-05-24 18:01:00,149 - RootTools.core.Sample - DEBUG - Sample now has weightString: (1)
2019-05-24 18:01:00,149 - RootTools.core.Sample - DEBUG - Created new sample DoubleMuon_Run2016BCD with 30 files, treeName Events,  selectionStrings [] and weightStrings [].
2019-05-24 18:01:00,149 - RootTools.core.Sample - DEBUG - Loaded sample DoubleMuon_Run2016BCD from 30 files.
2019-05-24 18:01:01,737 - RootTools.core.helpers - INFO - Found proxy /afs/hephy.at/user/p/phussain/private/.proxy with lifetime 191 hours
2019-05-24 18:01:01,737 - RootTools.core.Sample - INFO - Using proxy /afs/hephy.at/user/p/phussain/private/.proxy
2019-05-24 18:01:02,195 - RootTools.core.Sample - DEBUG - Sample now has selectionString: (1)
2019-05-24 18:01:02,196 - RootTools.core.Sample - DEBUG - Sample now has weightString: (1)
2019-05-24 18:01:02,196 - RootTools.core.Sample - DEBUG - Created new sample SingleElectron_Run2016BCD with 30 files, treeName Events,  selectionStrings [] and weightStrings [].
2019-05-24 18:01:02,196 - RootTools.core.Sample - DEBUG - Loaded sample SingleElectron_Run2016BCD from 30 files.
2019-05-24 18:01:03,743 - RootTools.core.helpers - INFO - Found proxy /afs/hephy.at/user/p/phussain/private/.proxy with lifetime 191 hours
2019-05-24 18:01:03,743 - RootTools.core.Sample - INFO - Using proxy /afs/hephy.at/user/p/phussain/private/.proxy
2019-05-24 18:01:04,189 - RootTools.core.Sample - DEBUG - Sample now has selectionString: (1)
2019-05-24 18:01:04,189 - RootTools.core.Sample - DEBUG - Sample now has weightString: (1)
2019-05-24 18:01:04,189 - RootTools.core.Sample - DEBUG - Created new sample SingleMuon_Run2016BCD with 30 files, treeName Events,  selectionStrings [] and weightStrings [].
2019-05-24 18:01:04,189 - RootTools.core.Sample - DEBUG - Loaded sample SingleMuon_Run2016BCD from 30 files.
2019-05-24 18:01:05,704 - RootTools.core.helpers - INFO - Found proxy /afs/hephy.at/user/p/phussain/private/.proxy with lifetime 191 hours
2019-05-24 18:01:05,705 - RootTools.core.Sample - INFO - Using proxy /afs/hephy.at/user/p/phussain/private/.proxy
2019-05-24 18:01:06,154 - RootTools.core.Sample - DEBUG - Sample now has selectionString: (1)
2019-05-24 18:01:06,154 - RootTools.core.Sample - DEBUG - Sample now has weightString: (1)
2019-05-24 18:01:06,154 - RootTools.core.Sample - DEBUG - Created new sample MuonEG_Run2016BCD with 30 files, treeName Events,  selectionStrings [] and weightStrings [].
2019-05-24 18:01:06,155 - RootTools.core.Sample - DEBUG - Loaded sample MuonEG_Run2016BCD from 30 files.
2019-05-24 18:01:07,682 - RootTools.core.helpers - INFO - Found proxy /afs/hephy.at/user/p/phussain/private/.proxy with lifetime 191 hours
2019-05-24 18:01:07,683 - RootTools.core.Sample - INFO - Using proxy /afs/hephy.at/user/p/phussain/private/.proxy
2019-05-24 18:01:07,987 - RootTools.core.Sample - DEBUG - Sample now has selectionString: (1)
2019-05-24 18:01:07,988 - RootTools.core.Sample - DEBUG - Sample now has weightString: (1)
2019-05-24 18:01:07,988 - RootTools.core.Sample - DEBUG - Created new sample DoubleEG_Run2016EF with 20 files, treeName Events,  selectionStrings [] and weightStrings [].
2019-05-24 18:01:07,988 - RootTools.core.Sample - DEBUG - Loaded sample DoubleEG_Run2016EF from 20 files.
2019-05-24 18:01:09,523 - RootTools.core.helpers - INFO - Found proxy /afs/hephy.at/user/p/phussain/private/.proxy with lifetime 191 hours
2019-05-24 18:01:09,523 - RootTools.core.Sample - INFO - Using proxy /afs/hephy.at/user/p/phussain/private/.proxy
2019-05-24 18:01:09,817 - RootTools.core.Sample - DEBUG - Sample now has selectionString: (1)
2019-05-24 18:01:09,817 - RootTools.core.Sample - DEBUG - Sample now has weightString: (1)
2019-05-24 18:01:09,817 - RootTools.core.Sample - DEBUG - Created new sample DoubleMuon_Run2016EF with 20 files, treeName Events,  selectionStrings [] and weightStrings [].
2019-05-24 18:01:09,817 - RootTools.core.Sample - DEBUG - Loaded sample DoubleMuon_Run2016EF from 20 files.
2019-05-24 18:01:11,315 - RootTools.core.helpers - INFO - Found proxy /afs/hephy.at/user/p/phussain/private/.proxy with lifetime 191 hours
2019-05-24 18:01:11,315 - RootTools.core.Sample - INFO - Using proxy /afs/hephy.at/user/p/phussain/private/.proxy
2019-05-24 18:01:11,616 - RootTools.core.Sample - DEBUG - Sample now has selectionString: (1)
2019-05-24 18:01:11,616 - RootTools.core.Sample - DEBUG - Sample now has weightString: (1)
2019-05-24 18:01:11,617 - RootTools.core.Sample - DEBUG - Created new sample SingleElectron_Run2016EF with 20 files, treeName Events,  selectionStrings [] and weightStrings [].
2019-05-24 18:01:11,617 - RootTools.core.Sample - DEBUG - Loaded sample SingleElectron_Run2016EF from 20 files.
2019-05-24 18:01:13,122 - RootTools.core.helpers - INFO - Found proxy /afs/hephy.at/user/p/phussain/private/.proxy with lifetime 191 hours
2019-05-24 18:01:13,123 - RootTools.core.Sample - INFO - Using proxy /afs/hephy.at/user/p/phussain/private/.proxy
2019-05-24 18:01:13,425 - RootTools.core.Sample - DEBUG - Sample now has selectionString: (1)
2019-05-24 18:01:13,425 - RootTools.core.Sample - DEBUG - Sample now has weightString: (1)
2019-05-24 18:01:13,425 - RootTools.core.Sample - DEBUG - Created new sample SingleMuon_Run2016EF with 20 files, treeName Events,  selectionStrings [] and weightStrings [].
2019-05-24 18:01:13,425 - RootTools.core.Sample - DEBUG - Loaded sample SingleMuon_Run2016EF from 20 files.
2019-05-24 18:01:14,942 - RootTools.core.helpers - INFO - Found proxy /afs/hephy.at/user/p/phussain/private/.proxy with lifetime 191 hours
2019-05-24 18:01:14,942 - RootTools.core.Sample - INFO - Using proxy /afs/hephy.at/user/p/phussain/private/.proxy
2019-05-24 18:01:15,245 - RootTools.core.Sample - DEBUG - Sample now has selectionString: (1)
2019-05-24 18:01:15,245 - RootTools.core.Sample - DEBUG - Sample now has weightString: (1)
2019-05-24 18:01:15,246 - RootTools.core.Sample - DEBUG - Created new sample MuonEG_Run2016EF with 20 files, treeName Events,  selectionStrings [] and weightStrings [].
2019-05-24 18:01:15,246 - RootTools.core.Sample - DEBUG - Loaded sample MuonEG_Run2016EF from 20 files.
2019-05-24 18:01:16,765 - RootTools.core.helpers - INFO - Found proxy /afs/hephy.at/user/p/phussain/private/.proxy with lifetime 191 hours
2019-05-24 18:01:16,765 - RootTools.core.Sample - INFO - Using proxy /afs/hephy.at/user/p/phussain/private/.proxy
2019-05-24 18:01:17,067 - RootTools.core.Sample - DEBUG - Sample now has selectionString: (1)
2019-05-24 18:01:17,067 - RootTools.core.Sample - DEBUG - Sample now has weightString: (1)
2019-05-24 18:01:17,067 - RootTools.core.Sample - DEBUG - Created new sample DoubleEG_Run2016GH with 20 files, treeName Events,  selectionStrings [] and weightStrings [].
2019-05-24 18:01:17,067 - RootTools.core.Sample - DEBUG - Loaded sample DoubleEG_Run2016GH from 20 files.
2019-05-24 18:01:18,599 - RootTools.core.helpers - INFO - Found proxy /afs/hephy.at/user/p/phussain/private/.proxy with lifetime 191 hours
2019-05-24 18:01:18,600 - RootTools.core.Sample - INFO - Using proxy /afs/hephy.at/user/p/phussain/private/.proxy
2019-05-24 18:01:18,902 - RootTools.core.Sample - DEBUG - Sample now has selectionString: (1)
2019-05-24 18:01:18,902 - RootTools.core.Sample - DEBUG - Sample now has weightString: (1)
2019-05-24 18:01:18,903 - RootTools.core.Sample - DEBUG - Created new sample DoubleMuon_Run2016GH with 20 files, treeName Events,  selectionStrings [] and weightStrings [].
2019-05-24 18:01:18,903 - RootTools.core.Sample - DEBUG - Loaded sample DoubleMuon_Run2016GH from 20 files.
2019-05-24 18:01:20,422 - RootTools.core.helpers - INFO - Found proxy /afs/hephy.at/user/p/phussain/private/.proxy with lifetime 191 hours
2019-05-24 18:01:20,423 - RootTools.core.Sample - INFO - Using proxy /afs/hephy.at/user/p/phussain/private/.proxy
2019-05-24 18:01:20,725 - RootTools.core.Sample - DEBUG - Sample now has selectionString: (1)
2019-05-24 18:01:20,725 - RootTools.core.Sample - DEBUG - Sample now has weightString: (1)
2019-05-24 18:01:20,725 - RootTools.core.Sample - DEBUG - Created new sample SingleElectron_Run2016GH with 20 files, treeName Events,  selectionStrings [] and weightStrings [].
2019-05-24 18:01:20,725 - RootTools.core.Sample - DEBUG - Loaded sample SingleElectron_Run2016GH from 20 files.
2019-05-24 18:01:22,197 - RootTools.core.helpers - INFO - Found proxy /afs/hephy.at/user/p/phussain/private/.proxy with lifetime 191 hours
2019-05-24 18:01:22,197 - RootTools.core.Sample - INFO - Using proxy /afs/hephy.at/user/p/phussain/private/.proxy
2019-05-24 18:01:22,498 - RootTools.core.Sample - DEBUG - Sample now has selectionString: (1)
2019-05-24 18:01:22,498 - RootTools.core.Sample - DEBUG - Sample now has weightString: (1)
2019-05-24 18:01:22,498 - RootTools.core.Sample - DEBUG - Created new sample SingleMuon_Run2016GH with 20 files, treeName Events,  selectionStrings [] and weightStrings [].
2019-05-24 18:01:22,498 - RootTools.core.Sample - DEBUG - Loaded sample SingleMuon_Run2016GH from 20 files.
2019-05-24 18:01:24,021 - RootTools.core.helpers - INFO - Found proxy /afs/hephy.at/user/p/phussain/private/.proxy with lifetime 191 hours
2019-05-24 18:01:24,021 - RootTools.core.Sample - INFO - Using proxy /afs/hephy.at/user/p/phussain/private/.proxy
2019-05-24 18:01:24,319 - RootTools.core.Sample - DEBUG - Sample now has selectionString: (1)
2019-05-24 18:01:24,319 - RootTools.core.Sample - DEBUG - Sample now has weightString: (1)
2019-05-24 18:01:24,319 - RootTools.core.Sample - DEBUG - Created new sample MuonEG_Run2016GH with 20 files, treeName Events,  selectionStrings [] and weightStrings [].
2019-05-24 18:01:24,319 - RootTools.core.Sample - DEBUG - Loaded sample MuonEG_Run2016GH from 20 files.
2019-05-24 18:01:25,816 - RootTools.core.helpers - INFO - Found proxy /afs/hephy.at/user/p/phussain/private/.proxy with lifetime 191 hours
2019-05-24 18:01:25,816 - RootTools.core.Sample - INFO - Using proxy /afs/hephy.at/user/p/phussain/private/.proxy
2019-05-24 18:01:28,155 - RootTools.core.Sample - DEBUG - Sample now has selectionString: (1)
2019-05-24 18:01:28,156 - RootTools.core.Sample - DEBUG - Sample now has weightString: (1)
2019-05-24 18:01:28,156 - RootTools.core.Sample - DEBUG - Created new sample DoubleEG_Run2016 with 70 files, treeName Events,  selectionStrings [] and weightStrings [].
2019-05-24 18:01:28,156 - RootTools.core.Sample - DEBUG - Loaded sample DoubleEG_Run2016 from 70 files.
2019-05-24 18:01:29,675 - RootTools.core.helpers - INFO - Found proxy /afs/hephy.at/user/p/phussain/private/.proxy with lifetime 191 hours
2019-05-24 18:01:29,676 - RootTools.core.Sample - INFO - Using proxy /afs/hephy.at/user/p/phussain/private/.proxy
2019-05-24 18:01:31,989 - RootTools.core.Sample - DEBUG - Sample now has selectionString: (1)
2019-05-24 18:01:31,989 - RootTools.core.Sample - DEBUG - Sample now has weightString: (1)
2019-05-24 18:01:31,989 - RootTools.core.Sample - DEBUG - Created new sample DoubleMuon_Run2016 with 70 files, treeName Events,  selectionStrings [] and weightStrings [].
2019-05-24 18:01:31,989 - RootTools.core.Sample - DEBUG - Loaded sample DoubleMuon_Run2016 from 70 files.
2019-05-24 18:01:33,507 - RootTools.core.helpers - INFO - Found proxy /afs/hephy.at/user/p/phussain/private/.proxy with lifetime 191 hours
2019-05-24 18:01:33,508 - RootTools.core.Sample - INFO - Using proxy /afs/hephy.at/user/p/phussain/private/.proxy
2019-05-24 18:01:35,779 - RootTools.core.Sample - DEBUG - Sample now has selectionString: (1)
2019-05-24 18:01:35,780 - RootTools.core.Sample - DEBUG - Sample now has weightString: (1)
2019-05-24 18:01:35,780 - RootTools.core.Sample - DEBUG - Created new sample SingleElectron_Run2016 with 70 files, treeName Events,  selectionStrings [] and weightStrings [].
2019-05-24 18:01:35,780 - RootTools.core.Sample - DEBUG - Loaded sample SingleElectron_Run2016 from 70 files.
2019-05-24 18:01:37,262 - RootTools.core.helpers - INFO - Found proxy /afs/hephy.at/user/p/phussain/private/.proxy with lifetime 191 hours
2019-05-24 18:01:37,262 - RootTools.core.Sample - INFO - Using proxy /afs/hephy.at/user/p/phussain/private/.proxy
2019-05-24 18:01:39,586 - RootTools.core.Sample - DEBUG - Sample now has selectionString: (1)
2019-05-24 18:01:39,586 - RootTools.core.Sample - DEBUG - Sample now has weightString: (1)
2019-05-24 18:01:39,586 - RootTools.core.Sample - DEBUG - Created new sample SingleMuon_Run2016 with 70 files, treeName Events,  selectionStrings [] and weightStrings [].
2019-05-24 18:01:39,586 - RootTools.core.Sample - DEBUG - Loaded sample SingleMuon_Run2016 from 70 files.
2019-05-24 18:01:41,116 - RootTools.core.helpers - INFO - Found proxy /afs/hephy.at/user/p/phussain/private/.proxy with lifetime 191 hours
2019-05-24 18:01:41,116 - RootTools.core.Sample - INFO - Using proxy /afs/hephy.at/user/p/phussain/private/.proxy
2019-05-24 18:01:43,444 - RootTools.core.Sample - DEBUG - Sample now has selectionString: (1)
2019-05-24 18:01:43,444 - RootTools.core.Sample - DEBUG - Sample now has weightString: (1)
2019-05-24 18:01:43,444 - RootTools.core.Sample - DEBUG - Created new sample MuonEG_Run2016 with 70 files, treeName Events,  selectionStrings [] and weightStrings [].
2019-05-24 18:01:43,444 - RootTools.core.Sample - DEBUG - Loaded sample MuonEG_Run2016 from 70 files.
2019-05-24 18:01:43,445 - RootTools.core.Sample - DEBUG - Sample now has selectionString: (1)
2019-05-24 18:01:43,445 - RootTools.core.Sample - DEBUG - Sample now has weightString: (1)
2019-05-24 18:01:43,445 - RootTools.core.Sample - DEBUG - Created new sample Run2016 with 350 files, treeName Events,  selectionStrings ['(1)'] and weightStrings [].
2019-05-24 18:01:43,445 - RootTools.core.Sample - DEBUG - Sample now has selectionString: (1)
2019-05-24 18:01:43,445 - RootTools.core.Sample - DEBUG - Sample now has weightString: (1)
2019-05-24 18:01:43,445 - RootTools.core.Sample - DEBUG - Created new sample Run2016BCD with 150 files, treeName Events,  selectionStrings ['(1)'] and weightStrings [].
2019-05-24 18:01:43,445 - RootTools.core.Sample - DEBUG - Sample now has selectionString: (1)
2019-05-24 18:01:43,446 - RootTools.core.Sample - DEBUG - Sample now has weightString: (1)
2019-05-24 18:01:43,446 - RootTools.core.Sample - DEBUG - Created new sample Run2016EF with 100 files, treeName Events,  selectionStrings ['(1)'] and weightStrings [].
2019-05-24 18:01:43,446 - RootTools.core.Sample - DEBUG - Sample now has selectionString: (1)
2019-05-24 18:01:43,446 - RootTools.core.Sample - DEBUG - Sample now has weightString: (1)
2019-05-24 18:01:43,446 - RootTools.core.Sample - DEBUG - Created new sample Run2016GH with 100 files, treeName Events,  selectionStrings ['(1)'] and weightStrings [].
2019-05-24 18:01:43,447 - StopsDilepton.samples.nanoTuples_Fall17_postProcessed - INFO - Loading MC samples from directory /dpm/oeaw.ac.at/home/cms/store/user/rschoefbeck/Stops2l-postprocessed/stops_2017_nano_v0p9/dilep/
2019-05-24 18:01:44,972 - RootTools.core.helpers - INFO - Found proxy /afs/hephy.at/user/p/phussain/private/.proxy with lifetime 191 hours
2019-05-24 18:01:44,973 - RootTools.core.Sample - INFO - Using proxy /afs/hephy.at/user/p/phussain/private/.proxy
2019-05-24 18:01:45,367 - RootTools.core.Sample - DEBUG - Sample now has selectionString: (1)
2019-05-24 18:01:45,367 - RootTools.core.Sample - DEBUG - Sample now has weightString: (1)
2019-05-24 18:01:45,368 - RootTools.core.Sample - DEBUG - Created new sample DY_LO with 60 files, treeName Events,  selectionStrings [] and weightStrings [].
2019-05-24 18:01:45,368 - RootTools.core.Sample - DEBUG - Loaded sample DY_LO from 60 files.
2019-05-24 18:01:46,896 - RootTools.core.helpers - INFO - Found proxy /afs/hephy.at/user/p/phussain/private/.proxy with lifetime 191 hours
2019-05-24 18:01:46,897 - RootTools.core.Sample - INFO - Using proxy /afs/hephy.at/user/p/phussain/private/.proxy
2019-05-24 18:01:47,195 - RootTools.core.Sample - DEBUG - Sample now has selectionString: (1)
2019-05-24 18:01:47,195 - RootTools.core.Sample - DEBUG - Sample now has weightString: (1)
2019-05-24 18:01:47,195 - RootTools.core.Sample - DEBUG - Created new sample DY_lowMass_LO with 10 files, treeName Events,  selectionStrings [] and weightStrings [].
2019-05-24 18:01:47,195 - RootTools.core.Sample - DEBUG - Loaded sample DY_lowMass_LO from 10 files.
2019-05-24 18:01:48,713 - RootTools.core.helpers - INFO - Found proxy /afs/hephy.at/user/p/phussain/private/.proxy with lifetime 191 hours
2019-05-24 18:01:48,713 - RootTools.core.Sample - INFO - Using proxy /afs/hephy.at/user/p/phussain/private/.proxy
2019-05-24 18:01:50,892 - RootTools.core.Sample - DEBUG - Sample now has selectionString: (1)
2019-05-24 18:01:50,892 - RootTools.core.Sample - DEBUG - Sample now has weightString: (1)
2019-05-24 18:01:50,892 - RootTools.core.Sample - DEBUG - Created new sample DY_HT_LO with 222 files, treeName Events,  selectionStrings [] and weightStrings [].
2019-05-24 18:01:50,892 - RootTools.core.Sample - DEBUG - Loaded sample DY_HT_LO from 222 files.
2019-05-24 18:01:52,377 - RootTools.core.helpers - INFO - Found proxy /afs/hephy.at/user/p/phussain/private/.proxy with lifetime 191 hours
2019-05-24 18:01:52,377 - RootTools.core.Sample - INFO - Using proxy /afs/hephy.at/user/p/phussain/private/.proxy
2019-05-24 18:01:53,403 - RootTools.core.Sample - DEBUG - Sample now has selectionString: (1)
2019-05-24 18:01:53,403 - RootTools.core.Sample - DEBUG - Sample now has weightString: (1)
2019-05-24 18:01:53,404 - RootTools.core.Sample - DEBUG - Created new sample Top_pow with 178 files, treeName Events,  selectionStrings [] and weightStrings [].
2019-05-24 18:01:53,404 - RootTools.core.Sample - DEBUG - Loaded sample Top_pow from 178 files.
2019-05-24 18:01:54,914 - RootTools.core.helpers - INFO - Found proxy /afs/hephy.at/user/p/phussain/private/.proxy with lifetime 191 hours
2019-05-24 18:01:54,914 - RootTools.core.Sample - INFO - Using proxy /afs/hephy.at/user/p/phussain/private/.proxy
2019-05-24 18:01:55,071 - RootTools.core.Sample - DEBUG - Sample now has selectionString: (1)
2019-05-24 18:01:55,072 - RootTools.core.Sample - DEBUG - Sample now has weightString: (1)
2019-05-24 18:01:55,072 - RootTools.core.Sample - DEBUG - Created new sample Top_1l_pow with 2 files, treeName Events,  selectionStrings [] and weightStrings [].
2019-05-24 18:01:55,072 - RootTools.core.Sample - DEBUG - Loaded sample Top_1l_pow from 2 files.
2019-05-24 18:01:56,582 - RootTools.core.helpers - INFO - Found proxy /afs/hephy.at/user/p/phussain/private/.proxy with lifetime 191 hours
2019-05-24 18:01:56,582 - RootTools.core.Sample - INFO - Using proxy /afs/hephy.at/user/p/phussain/private/.proxy
2019-05-24 18:01:58,271 - RootTools.core.Sample - DEBUG - Sample now has selectionString: (1)
2019-05-24 18:01:58,271 - RootTools.core.Sample - DEBUG - Sample now has weightString: (1)
2019-05-24 18:01:58,271 - RootTools.core.Sample - DEBUG - Created new sample TTX with 172 files, treeName Events,  selectionStrings [] and weightStrings [].
2019-05-24 18:01:58,271 - RootTools.core.Sample - DEBUG - Loaded sample TTX from 172 files.
2019-05-24 18:01:59,804 - RootTools.core.helpers - INFO - Found proxy /afs/hephy.at/user/p/phussain/private/.proxy with lifetime 191 hours
2019-05-24 18:01:59,805 - RootTools.core.Sample - INFO - Using proxy /afs/hephy.at/user/p/phussain/private/.proxy
2019-05-24 18:02:03,201 - RootTools.core.Sample - DEBUG - Sample now has selectionString: (1)
2019-05-24 18:02:03,202 - RootTools.core.Sample - DEBUG - Sample now has weightString: (1)
2019-05-24 18:02:03,202 - RootTools.core.Sample - DEBUG - Created new sample TTXNoZ with 140 files, treeName Events,  selectionStrings [] and weightStrings [].
2019-05-24 18:02:03,202 - RootTools.core.Sample - DEBUG - Loaded sample TTXNoZ from 140 files.
2019-05-24 18:02:04,692 - RootTools.core.helpers - INFO - Found proxy /afs/hephy.at/user/p/phussain/private/.proxy with lifetime 191 hours
2019-05-24 18:02:04,692 - RootTools.core.Sample - INFO - Using proxy /afs/hephy.at/user/p/phussain/private/.proxy
2019-05-24 18:02:04,953 - RootTools.core.Sample - DEBUG - Sample now has selectionString: (1)
2019-05-24 18:02:04,953 - RootTools.core.Sample - DEBUG - Sample now has weightString: (1)
2019-05-24 18:02:04,953 - RootTools.core.Sample - DEBUG - Created new sample TTH with 40 files, treeName Events,  selectionStrings [] and weightStrings [].
2019-05-24 18:02:04,953 - RootTools.core.Sample - DEBUG - Loaded sample TTH from 40 files.
2019-05-24 18:02:06,472 - RootTools.core.helpers - INFO - Found proxy /afs/hephy.at/user/p/phussain/private/.proxy with lifetime 191 hours
2019-05-24 18:02:06,473 - RootTools.core.Sample - INFO - Using proxy /afs/hephy.at/user/p/phussain/private/.proxy
2019-05-24 18:02:06,733 - RootTools.core.Sample - DEBUG - Sample now has selectionString: (1)
2019-05-24 18:02:06,733 - RootTools.core.Sample - DEBUG - Sample now has weightString: (1)
2019-05-24 18:02:06,733 - RootTools.core.Sample - DEBUG - Created new sample TTW with 29 files, treeName Events,  selectionStrings [] and weightStrings [].
2019-05-24 18:02:06,733 - RootTools.core.Sample - DEBUG - Loaded sample TTW from 29 files.
2019-05-24 18:02:08,252 - RootTools.core.helpers - INFO - Found proxy /afs/hephy.at/user/p/phussain/private/.proxy with lifetime 191 hours
2019-05-24 18:02:08,252 - RootTools.core.Sample - INFO - Using proxy /afs/hephy.at/user/p/phussain/private/.proxy
2019-05-24 18:02:09,172 - RootTools.core.Sample - DEBUG - Sample now has selectionString: (1)
2019-05-24 18:02:09,173 - RootTools.core.Sample - DEBUG - Sample now has weightString: (1)
2019-05-24 18:02:09,173 - RootTools.core.Sample - DEBUG - Created new sample TTZ with 32 files, treeName Events,  selectionStrings [] and weightStrings [].
2019-05-24 18:02:09,173 - RootTools.core.Sample - DEBUG - Loaded sample TTZ from 32 files.
2019-05-24 18:02:10,663 - RootTools.core.helpers - INFO - Found proxy /afs/hephy.at/user/p/phussain/private/.proxy with lifetime 191 hours
2019-05-24 18:02:10,664 - RootTools.core.Sample - INFO - Using proxy /afs/hephy.at/user/p/phussain/private/.proxy
2019-05-24 18:02:10,921 - RootTools.core.Sample - DEBUG - Sample now has selectionString: (1)
2019-05-24 18:02:10,922 - RootTools.core.Sample - DEBUG - Sample now has weightString: (1)
2019-05-24 18:02:10,922 - RootTools.core.Sample - DEBUG - Created new sample TTZtoNuNu with 24 files, treeName Events,  selectionStrings [] and weightStrings [].
2019-05-24 18:02:10,922 - RootTools.core.Sample - DEBUG - Loaded sample TTZtoNuNu from 24 files.
2019-05-24 18:02:12,448 - RootTools.core.helpers - INFO - Found proxy /afs/hephy.at/user/p/phussain/private/.proxy with lifetime 191 hours
2019-05-24 18:02:12,448 - RootTools.core.Sample - INFO - Using proxy /afs/hephy.at/user/p/phussain/private/.proxy
2019-05-24 18:02:12,578 - RootTools.core.Sample - DEBUG - Sample now has selectionString: (1)
2019-05-24 18:02:12,578 - RootTools.core.Sample - DEBUG - Sample now has weightString: (1)
2019-05-24 18:02:12,578 - RootTools.core.Sample - DEBUG - Created new sample TTZtoQQ with 8 files, treeName Events,  selectionStrings [] and weightStrings [].
2019-05-24 18:02:12,579 - RootTools.core.Sample - DEBUG - Loaded sample TTZtoQQ from 8 files.
2019-05-24 18:02:14,125 - RootTools.core.helpers - INFO - Found proxy /afs/hephy.at/user/p/phussain/private/.proxy with lifetime 191 hours
2019-05-24 18:02:14,126 - RootTools.core.Sample - INFO - Using proxy /afs/hephy.at/user/p/phussain/private/.proxy
2019-05-24 18:02:14,258 - RootTools.core.Sample - DEBUG - Sample now has selectionString: (1)
2019-05-24 18:02:14,259 - RootTools.core.Sample - DEBUG - Sample now has weightString: (1)
2019-05-24 18:02:14,259 - RootTools.core.Sample - DEBUG - Created new sample TZQ with 20 files, treeName Events,  selectionStrings [] and weightStrings [].
2019-05-24 18:02:14,259 - RootTools.core.Sample - DEBUG - Loaded sample TZQ from 20 files.
2019-05-24 18:02:15,744 - RootTools.core.helpers - INFO - Found proxy /afs/hephy.at/user/p/phussain/private/.proxy with lifetime 191 hours
2019-05-24 18:02:15,744 - RootTools.core.Sample - INFO - Using proxy /afs/hephy.at/user/p/phussain/private/.proxy
2019-05-24 18:02:15,903 - RootTools.core.Sample - DEBUG - Sample now has selectionString: (1)
2019-05-24 18:02:15,904 - RootTools.core.Sample - DEBUG - Sample now has weightString: (1)
2019-05-24 18:02:15,904 - RootTools.core.Sample - DEBUG - Created new sample VVTo2L2Nu with 20 files, treeName Events,  selectionStrings [] and weightStrings [].
2019-05-24 18:02:15,904 - RootTools.core.Sample - DEBUG - Loaded sample VVTo2L2Nu from 20 files.
2019-05-24 18:02:17,436 - RootTools.core.helpers - INFO - Found proxy /afs/hephy.at/user/p/phussain/private/.proxy with lifetime 191 hours
2019-05-24 18:02:17,437 - RootTools.core.Sample - INFO - Using proxy /afs/hephy.at/user/p/phussain/private/.proxy
2019-05-24 18:02:17,595 - RootTools.core.Sample - DEBUG - Sample now has selectionString: (1)
2019-05-24 18:02:17,595 - RootTools.core.Sample - DEBUG - Sample now has weightString: (1)
2019-05-24 18:02:17,595 - RootTools.core.Sample - DEBUG - Created new sample WW with 20 files, treeName Events,  selectionStrings [] and weightStrings [].
2019-05-24 18:02:17,596 - RootTools.core.Sample - DEBUG - Loaded sample WW from 20 files.
2019-05-24 18:02:19,092 - RootTools.core.helpers - INFO - Found proxy /afs/hephy.at/user/p/phussain/private/.proxy with lifetime 191 hours
2019-05-24 18:02:19,093 - RootTools.core.Sample - INFO - Using proxy /afs/hephy.at/user/p/phussain/private/.proxy
2019-05-24 18:02:19,731 - RootTools.core.Sample - DEBUG - Sample now has selectionString: (1)
2019-05-24 18:02:19,732 - RootTools.core.Sample - DEBUG - Sample now has weightString: (1)
2019-05-24 18:02:19,732 - RootTools.core.Sample - DEBUG - Created new sample WZ with 80 files, treeName Events,  selectionStrings [] and weightStrings [].
2019-05-24 18:02:19,732 - RootTools.core.Sample - DEBUG - Loaded sample WZ from 80 files.
2019-05-24 18:02:21,233 - RootTools.core.helpers - INFO - Found proxy /afs/hephy.at/user/p/phussain/private/.proxy with lifetime 191 hours
2019-05-24 18:02:21,233 - RootTools.core.Sample - INFO - Using proxy /afs/hephy.at/user/p/phussain/private/.proxy
2019-05-24 18:02:21,393 - RootTools.core.Sample - DEBUG - Sample now has selectionString: (1)
2019-05-24 18:02:21,393 - RootTools.core.Sample - DEBUG - Sample now has weightString: (1)
2019-05-24 18:02:21,394 - RootTools.core.Sample - DEBUG - Created new sample ZZ with 20 files, treeName Events,  selectionStrings [] and weightStrings [].
2019-05-24 18:02:21,394 - RootTools.core.Sample - DEBUG - Loaded sample ZZ from 20 files.
2019-05-24 18:02:22,881 - RootTools.core.helpers - INFO - Found proxy /afs/hephy.at/user/p/phussain/private/.proxy with lifetime 191 hours
2019-05-24 18:02:22,882 - RootTools.core.Sample - INFO - Using proxy /afs/hephy.at/user/p/phussain/private/.proxy
2019-05-24 18:02:23,040 - RootTools.core.Sample - DEBUG - Sample now has selectionString: (1)
2019-05-24 18:02:23,040 - RootTools.core.Sample - DEBUG - Sample now has weightString: (1)
2019-05-24 18:02:23,041 - RootTools.core.Sample - DEBUG - Created new sample ZZ4l with 20 files, treeName Events,  selectionStrings [] and weightStrings [].
2019-05-24 18:02:23,041 - RootTools.core.Sample - DEBUG - Loaded sample ZZ4l from 20 files.
2019-05-24 18:02:24,582 - RootTools.core.helpers - INFO - Found proxy /afs/hephy.at/user/p/phussain/private/.proxy with lifetime 191 hours
2019-05-24 18:02:24,583 - RootTools.core.Sample - INFO - Using proxy /afs/hephy.at/user/p/phussain/private/.proxy
2019-05-24 18:02:25,162 - RootTools.core.Sample - DEBUG - Sample now has selectionString: (1)
2019-05-24 18:02:25,163 - RootTools.core.Sample - DEBUG - Sample now has weightString: (1)
2019-05-24 18:02:25,163 - RootTools.core.Sample - DEBUG - Created new sample triBoson with 36 files, treeName Events,  selectionStrings [] and weightStrings [].
2019-05-24 18:02:25,164 - RootTools.core.Sample - DEBUG - Loaded sample triBoson from 36 files.
2019-05-24 18:02:26,708 - RootTools.core.helpers - INFO - Found proxy /afs/hephy.at/user/p/phussain/private/.proxy with lifetime 191 hours
2019-05-24 18:02:26,709 - RootTools.core.Sample - INFO - Using proxy /afs/hephy.at/user/p/phussain/private/.proxy
2019-05-24 18:02:31,043 - RootTools.core.Sample - DEBUG - Sample now has selectionString: (1)
2019-05-24 18:02:31,044 - RootTools.core.Sample - DEBUG - Sample now has weightString: (1)
2019-05-24 18:02:31,044 - RootTools.core.Sample - DEBUG - Created new sample multiBoson with 176 files, treeName Events,  selectionStrings [] and weightStrings [].
2019-05-24 18:02:31,044 - RootTools.core.Sample - DEBUG - Loaded sample multiBoson from 176 files.
2019-05-24 18:02:31,046 - StopsDilepton.samples.nanoTuples_Run2017_31Mar2018_postProcessed - INFO - Loading data samples from directory /dpm/oeaw.ac.at/home/cms/store/user/rschoefbeck/Stops2l-postprocessed/stops_2017_nano_v0p9/dilep/
2019-05-24 18:02:32,575 - RootTools.core.helpers - INFO - Found proxy /afs/hephy.at/user/p/phussain/private/.proxy with lifetime 191 hours
2019-05-24 18:02:32,575 - RootTools.core.Sample - INFO - Using proxy /afs/hephy.at/user/p/phussain/private/.proxy
2019-05-24 18:02:33,317 - RootTools.core.Sample - DEBUG - Sample now has selectionString: (1)
2019-05-24 18:02:33,317 - RootTools.core.Sample - DEBUG - Sample now has weightString: (1)
2019-05-24 18:02:33,317 - RootTools.core.Sample - DEBUG - Created new sample DoubleEG_Run2017 with 50 files, treeName Events,  selectionStrings [] and weightStrings [].
2019-05-24 18:02:33,317 - RootTools.core.Sample - DEBUG - Loaded sample DoubleEG_Run2017 from 50 files.
2019-05-24 18:02:34,839 - RootTools.core.helpers - INFO - Found proxy /afs/hephy.at/user/p/phussain/private/.proxy with lifetime 191 hours
2019-05-24 18:02:34,840 - RootTools.core.Sample - INFO - Using proxy /afs/hephy.at/user/p/phussain/private/.proxy
2019-05-24 18:02:35,165 - RootTools.core.Sample - DEBUG - Sample now has selectionString: (1)
2019-05-24 18:02:35,166 - RootTools.core.Sample - DEBUG - Sample now has weightString: (1)
2019-05-24 18:02:35,166 - RootTools.core.Sample - DEBUG - Created new sample DoubleEG_Run2017B with 10 files, treeName Events,  selectionStrings [] and weightStrings [].
2019-05-24 18:02:35,166 - RootTools.core.Sample - DEBUG - Loaded sample DoubleEG_Run2017B from 10 files.
2019-05-24 18:02:36,690 - RootTools.core.helpers - INFO - Found proxy /afs/hephy.at/user/p/phussain/private/.proxy with lifetime 191 hours
2019-05-24 18:02:36,690 - RootTools.core.Sample - INFO - Using proxy /afs/hephy.at/user/p/phussain/private/.proxy
2019-05-24 18:02:37,666 - RootTools.core.Sample - DEBUG - Sample now has selectionString: (1)
2019-05-24 18:02:37,667 - RootTools.core.Sample - DEBUG - Sample now has weightString: (1)
2019-05-24 18:02:37,667 - RootTools.core.Sample - DEBUG - Created new sample DoubleEG_Run2017CDE with 30 files, treeName Events,  selectionStrings [] and weightStrings [].
2019-05-24 18:02:37,667 - RootTools.core.Sample - DEBUG - Loaded sample DoubleEG_Run2017CDE from 30 files.
2019-05-24 18:02:39,143 - RootTools.core.helpers - INFO - Found proxy /afs/hephy.at/user/p/phussain/private/.proxy with lifetime 191 hours
2019-05-24 18:02:39,143 - RootTools.core.Sample - INFO - Using proxy /afs/hephy.at/user/p/phussain/private/.proxy
2019-05-24 18:02:39,654 - RootTools.core.Sample - DEBUG - Sample now has selectionString: (1)
2019-05-24 18:02:39,654 - RootTools.core.Sample - DEBUG - Sample now has weightString: (1)
2019-05-24 18:02:39,655 - RootTools.core.Sample - DEBUG - Created new sample DoubleEG_Run2017BCDE with 40 files, treeName Events,  selectionStrings [] and weightStrings [].
2019-05-24 18:02:39,655 - RootTools.core.Sample - DEBUG - Loaded sample DoubleEG_Run2017BCDE from 40 files.
2019-05-24 18:02:41,180 - RootTools.core.helpers - INFO - Found proxy /afs/hephy.at/user/p/phussain/private/.proxy with lifetime 191 hours
2019-05-24 18:02:41,181 - RootTools.core.Sample - INFO - Using proxy /afs/hephy.at/user/p/phussain/private/.proxy
2019-05-24 18:02:41,508 - RootTools.core.Sample - DEBUG - Sample now has selectionString: (1)
2019-05-24 18:02:41,509 - RootTools.core.Sample - DEBUG - Sample now has weightString: (1)
2019-05-24 18:02:41,509 - RootTools.core.Sample - DEBUG - Created new sample DoubleEG_Run2017F with 10 files, treeName Events,  selectionStrings [] and weightStrings [].
2019-05-24 18:02:41,509 - RootTools.core.Sample - DEBUG - Loaded sample DoubleEG_Run2017F from 10 files.
2019-05-24 18:02:43,032 - RootTools.core.helpers - INFO - Found proxy /afs/hephy.at/user/p/phussain/private/.proxy with lifetime 191 hours
2019-05-24 18:02:43,032 - RootTools.core.Sample - INFO - Using proxy /afs/hephy.at/user/p/phussain/private/.proxy
2019-05-24 18:02:43,801 - RootTools.core.Sample - DEBUG - Sample now has selectionString: (1)
2019-05-24 18:02:43,802 - RootTools.core.Sample - DEBUG - Sample now has weightString: (1)
2019-05-24 18:02:43,802 - RootTools.core.Sample - DEBUG - Created new sample DoubleMuon_Run2017 with 50 files, treeName Events,  selectionStrings [] and weightStrings [].
2019-05-24 18:02:43,802 - RootTools.core.Sample - DEBUG - Loaded sample DoubleMuon_Run2017 from 50 files.
2019-05-24 18:02:45,375 - RootTools.core.helpers - INFO - Found proxy /afs/hephy.at/user/p/phussain/private/.proxy with lifetime 191 hours
2019-05-24 18:02:45,376 - RootTools.core.Sample - INFO - Using proxy /afs/hephy.at/user/p/phussain/private/.proxy
2019-05-24 18:02:45,706 - RootTools.core.Sample - DEBUG - Sample now has selectionString: (1)
2019-05-24 18:02:45,707 - RootTools.core.Sample - DEBUG - Sample now has weightString: (1)
2019-05-24 18:02:45,707 - RootTools.core.Sample - DEBUG - Created new sample DoubleMuon_Run2017B with 10 files, treeName Events,  selectionStrings [] and weightStrings [].
2019-05-24 18:02:45,707 - RootTools.core.Sample - DEBUG - Loaded sample DoubleMuon_Run2017B from 10 files.
2019-05-24 18:02:47,248 - RootTools.core.helpers - INFO - Found proxy /afs/hephy.at/user/p/phussain/private/.proxy with lifetime 191 hours
2019-05-24 18:02:47,249 - RootTools.core.Sample - INFO - Using proxy /afs/hephy.at/user/p/phussain/private/.proxy
2019-05-24 18:02:48,245 - RootTools.core.Sample - DEBUG - Sample now has selectionString: (1)
2019-05-24 18:02:48,246 - RootTools.core.Sample - DEBUG - Sample now has weightString: (1)
2019-05-24 18:02:48,246 - RootTools.core.Sample - DEBUG - Created new sample DoubleMuon_Run2017CDE with 30 files, treeName Events,  selectionStrings [] and weightStrings [].
2019-05-24 18:02:48,246 - RootTools.core.Sample - DEBUG - Loaded sample DoubleMuon_Run2017CDE from 30 files.
2019-05-24 18:02:49,691 - RootTools.core.helpers - INFO - Found proxy /afs/hephy.at/user/p/phussain/private/.proxy with lifetime 191 hours
2019-05-24 18:02:49,691 - RootTools.core.Sample - INFO - Using proxy /afs/hephy.at/user/p/phussain/private/.proxy
2019-05-24 18:02:50,209 - RootTools.core.Sample - DEBUG - Sample now has selectionString: (1)
2019-05-24 18:02:50,210 - RootTools.core.Sample - DEBUG - Sample now has weightString: (1)
2019-05-24 18:02:50,210 - RootTools.core.Sample - DEBUG - Created new sample DoubleMuon_Run2017BCDE with 40 files, treeName Events,  selectionStrings [] and weightStrings [].
2019-05-24 18:02:50,210 - RootTools.core.Sample - DEBUG - Loaded sample DoubleMuon_Run2017BCDE from 40 files.
2019-05-24 18:02:51,664 - RootTools.core.helpers - INFO - Found proxy /afs/hephy.at/user/p/phussain/private/.proxy with lifetime 191 hours
2019-05-24 18:02:51,664 - RootTools.core.Sample - INFO - Using proxy /afs/hephy.at/user/p/phussain/private/.proxy
2019-05-24 18:02:51,792 - RootTools.core.Sample - DEBUG - Sample now has selectionString: (1)
2019-05-24 18:02:51,793 - RootTools.core.Sample - DEBUG - Sample now has weightString: (1)
2019-05-24 18:02:51,793 - RootTools.core.Sample - DEBUG - Created new sample DoubleMuon_Run2017F with 10 files, treeName Events,  selectionStrings [] and weightStrings [].
2019-05-24 18:02:51,793 - RootTools.core.Sample - DEBUG - Loaded sample DoubleMuon_Run2017F from 10 files.
2019-05-24 18:02:53,232 - RootTools.core.helpers - INFO - Found proxy /afs/hephy.at/user/p/phussain/private/.proxy with lifetime 191 hours
2019-05-24 18:02:53,232 - RootTools.core.Sample - INFO - Using proxy /afs/hephy.at/user/p/phussain/private/.proxy
2019-05-24 18:02:53,874 - RootTools.core.Sample - DEBUG - Sample now has selectionString: (1)
2019-05-24 18:02:53,874 - RootTools.core.Sample - DEBUG - Sample now has weightString: (1)
2019-05-24 18:02:53,874 - RootTools.core.Sample - DEBUG - Created new sample MuonEG_Run2017 with 50 files, treeName Events,  selectionStrings [] and weightStrings [].
2019-05-24 18:02:53,874 - RootTools.core.Sample - DEBUG - Loaded sample MuonEG_Run2017 from 50 files.
2019-05-24 18:02:55,297 - RootTools.core.helpers - INFO - Found proxy /afs/hephy.at/user/p/phussain/private/.proxy with lifetime 191 hours
2019-05-24 18:02:55,297 - RootTools.core.Sample - INFO - Using proxy /afs/hephy.at/user/p/phussain/private/.proxy
2019-05-24 18:02:55,426 - RootTools.core.Sample - DEBUG - Sample now has selectionString: (1)
2019-05-24 18:02:55,427 - RootTools.core.Sample - DEBUG - Sample now has weightString: (1)
2019-05-24 18:02:55,427 - RootTools.core.Sample - DEBUG - Created new sample MuonEG_Run2017B with 10 files, treeName Events,  selectionStrings [] and weightStrings [].
2019-05-24 18:02:55,427 - RootTools.core.Sample - DEBUG - Loaded sample MuonEG_Run2017B from 10 files.
2019-05-24 18:02:56,877 - RootTools.core.helpers - INFO - Found proxy /afs/hephy.at/user/p/phussain/private/.proxy with lifetime 191 hours
2019-05-24 18:02:56,878 - RootTools.core.Sample - INFO - Using proxy /afs/hephy.at/user/p/phussain/private/.proxy
2019-05-24 18:02:57,259 - RootTools.core.Sample - DEBUG - Sample now has selectionString: (1)
2019-05-24 18:02:57,259 - RootTools.core.Sample - DEBUG - Sample now has weightString: (1)
2019-05-24 18:02:57,259 - RootTools.core.Sample - DEBUG - Created new sample MuonEG_Run2017CDE with 30 files, treeName Events,  selectionStrings [] and weightStrings [].
2019-05-24 18:02:57,259 - RootTools.core.Sample - DEBUG - Loaded sample MuonEG_Run2017CDE from 30 files.
2019-05-24 18:02:58,699 - RootTools.core.helpers - INFO - Found proxy /afs/hephy.at/user/p/phussain/private/.proxy with lifetime 191 hours
2019-05-24 18:02:58,699 - RootTools.core.Sample - INFO - Using proxy /afs/hephy.at/user/p/phussain/private/.proxy
2019-05-24 18:02:59,205 - RootTools.core.Sample - DEBUG - Sample now has selectionString: (1)
2019-05-24 18:02:59,206 - RootTools.core.Sample - DEBUG - Sample now has weightString: (1)
2019-05-24 18:02:59,206 - RootTools.core.Sample - DEBUG - Created new sample MuonEG_Run2017BCDE with 40 files, treeName Events,  selectionStrings [] and weightStrings [].
2019-05-24 18:02:59,206 - RootTools.core.Sample - DEBUG - Loaded sample MuonEG_Run2017BCDE from 40 files.
2019-05-24 18:03:00,647 - RootTools.core.helpers - INFO - Found proxy /afs/hephy.at/user/p/phussain/private/.proxy with lifetime 191 hours
2019-05-24 18:03:00,648 - RootTools.core.Sample - INFO - Using proxy /afs/hephy.at/user/p/phussain/private/.proxy
2019-05-24 18:03:00,777 - RootTools.core.Sample - DEBUG - Sample now has selectionString: (1)
2019-05-24 18:03:00,778 - RootTools.core.Sample - DEBUG - Sample now has weightString: (1)
2019-05-24 18:03:00,778 - RootTools.core.Sample - DEBUG - Created new sample MuonEG_Run2017F with 10 files, treeName Events,  selectionStrings [] and weightStrings [].
2019-05-24 18:03:00,778 - RootTools.core.Sample - DEBUG - Loaded sample MuonEG_Run2017F from 10 files.
2019-05-24 18:03:02,266 - RootTools.core.helpers - INFO - Found proxy /afs/hephy.at/user/p/phussain/private/.proxy with lifetime 191 hours
2019-05-24 18:03:02,267 - RootTools.core.Sample - INFO - Using proxy /afs/hephy.at/user/p/phussain/private/.proxy
2019-05-24 18:03:02,902 - RootTools.core.Sample - DEBUG - Sample now has selectionString: (1)
2019-05-24 18:03:02,903 - RootTools.core.Sample - DEBUG - Sample now has weightString: (1)
2019-05-24 18:03:02,903 - RootTools.core.Sample - DEBUG - Created new sample SingleMuon_Run2017 with 50 files, treeName Events,  selectionStrings [] and weightStrings [].
2019-05-24 18:03:02,903 - RootTools.core.Sample - DEBUG - Loaded sample SingleMuon_Run2017 from 50 files.
2019-05-24 18:03:04,342 - RootTools.core.helpers - INFO - Found proxy /afs/hephy.at/user/p/phussain/private/.proxy with lifetime 191 hours
2019-05-24 18:03:04,343 - RootTools.core.Sample - INFO - Using proxy /afs/hephy.at/user/p/phussain/private/.proxy
2019-05-24 18:03:04,471 - RootTools.core.Sample - DEBUG - Sample now has selectionString: (1)
2019-05-24 18:03:04,471 - RootTools.core.Sample - DEBUG - Sample now has weightString: (1)
2019-05-24 18:03:04,471 - RootTools.core.Sample - DEBUG - Created new sample SingleMuon_Run2017B with 10 files, treeName Events,  selectionStrings [] and weightStrings [].
2019-05-24 18:03:04,471 - RootTools.core.Sample - DEBUG - Loaded sample SingleMuon_Run2017B from 10 files.
2019-05-24 18:03:05,903 - RootTools.core.helpers - INFO - Found proxy /afs/hephy.at/user/p/phussain/private/.proxy with lifetime 191 hours
2019-05-24 18:03:05,903 - RootTools.core.Sample - INFO - Using proxy /afs/hephy.at/user/p/phussain/private/.proxy
2019-05-24 18:03:06,287 - RootTools.core.Sample - DEBUG - Sample now has selectionString: (1)
2019-05-24 18:03:06,287 - RootTools.core.Sample - DEBUG - Sample now has weightString: (1)
2019-05-24 18:03:06,287 - RootTools.core.Sample - DEBUG - Created new sample SingleMuon_Run2017CDE with 30 files, treeName Events,  selectionStrings [] and weightStrings [].
2019-05-24 18:03:06,288 - RootTools.core.Sample - DEBUG - Loaded sample SingleMuon_Run2017CDE from 30 files.
2019-05-24 18:03:07,709 - RootTools.core.helpers - INFO - Found proxy /afs/hephy.at/user/p/phussain/private/.proxy with lifetime 191 hours
2019-05-24 18:03:07,710 - RootTools.core.Sample - INFO - Using proxy /afs/hephy.at/user/p/phussain/private/.proxy
2019-05-24 18:03:08,216 - RootTools.core.Sample - DEBUG - Sample now has selectionString: (1)
2019-05-24 18:03:08,217 - RootTools.core.Sample - DEBUG - Sample now has weightString: (1)
2019-05-24 18:03:08,217 - RootTools.core.Sample - DEBUG - Created new sample SingleMuon_Run2017BCDE with 40 files, treeName Events,  selectionStrings [] and weightStrings [].
2019-05-24 18:03:08,217 - RootTools.core.Sample - DEBUG - Loaded sample SingleMuon_Run2017BCDE from 40 files.
2019-05-24 18:03:09,651 - RootTools.core.helpers - INFO - Found proxy /afs/hephy.at/user/p/phussain/private/.proxy with lifetime 191 hours
2019-05-24 18:03:09,651 - RootTools.core.Sample - INFO - Using proxy /afs/hephy.at/user/p/phussain/private/.proxy
2019-05-24 18:03:09,779 - RootTools.core.Sample - DEBUG - Sample now has selectionString: (1)
2019-05-24 18:03:09,779 - RootTools.core.Sample - DEBUG - Sample now has weightString: (1)
2019-05-24 18:03:09,779 - RootTools.core.Sample - DEBUG - Created new sample SingleMuon_Run2017F with 10 files, treeName Events,  selectionStrings [] and weightStrings [].
2019-05-24 18:03:09,779 - RootTools.core.Sample - DEBUG - Loaded sample SingleMuon_Run2017F from 10 files.
2019-05-24 18:03:11,236 - RootTools.core.helpers - INFO - Found proxy /afs/hephy.at/user/p/phussain/private/.proxy with lifetime 191 hours
2019-05-24 18:03:11,236 - RootTools.core.Sample - INFO - Using proxy /afs/hephy.at/user/p/phussain/private/.proxy
2019-05-24 18:03:11,882 - RootTools.core.Sample - DEBUG - Sample now has selectionString: (1)
2019-05-24 18:03:11,882 - RootTools.core.Sample - DEBUG - Sample now has weightString: (1)
2019-05-24 18:03:11,882 - RootTools.core.Sample - DEBUG - Created new sample SingleElectron_Run2017 with 50 files, treeName Events,  selectionStrings [] and weightStrings [].
2019-05-24 18:03:11,882 - RootTools.core.Sample - DEBUG - Loaded sample SingleElectron_Run2017 from 50 files.
2019-05-24 18:03:13,323 - RootTools.core.helpers - INFO - Found proxy /afs/hephy.at/user/p/phussain/private/.proxy with lifetime 191 hours
2019-05-24 18:03:13,324 - RootTools.core.Sample - INFO - Using proxy /afs/hephy.at/user/p/phussain/private/.proxy
2019-05-24 18:03:13,454 - RootTools.core.Sample - DEBUG - Sample now has selectionString: (1)
2019-05-24 18:03:13,454 - RootTools.core.Sample - DEBUG - Sample now has weightString: (1)
2019-05-24 18:03:13,454 - RootTools.core.Sample - DEBUG - Created new sample SingleElectron_Run2017B with 10 files, treeName Events,  selectionStrings [] and weightStrings [].
2019-05-24 18:03:13,454 - RootTools.core.Sample - DEBUG - Loaded sample SingleElectron_Run2017B from 10 files.
2019-05-24 18:03:14,885 - RootTools.core.helpers - INFO - Found proxy /afs/hephy.at/user/p/phussain/private/.proxy with lifetime 191 hours
2019-05-24 18:03:14,886 - RootTools.core.Sample - INFO - Using proxy /afs/hephy.at/user/p/phussain/private/.proxy
2019-05-24 18:03:15,274 - RootTools.core.Sample - DEBUG - Sample now has selectionString: (1)
2019-05-24 18:03:15,274 - RootTools.core.Sample - DEBUG - Sample now has weightString: (1)
2019-05-24 18:03:15,274 - RootTools.core.Sample - DEBUG - Created new sample SingleElectron_Run2017CDE with 30 files, treeName Events,  selectionStrings [] and weightStrings [].
2019-05-24 18:03:15,274 - RootTools.core.Sample - DEBUG - Loaded sample SingleElectron_Run2017CDE from 30 files.
2019-05-24 18:03:16,702 - RootTools.core.helpers - INFO - Found proxy /afs/hephy.at/user/p/phussain/private/.proxy with lifetime 191 hours
2019-05-24 18:03:16,703 - RootTools.core.Sample - INFO - Using proxy /afs/hephy.at/user/p/phussain/private/.proxy
2019-05-24 18:03:17,206 - RootTools.core.Sample - DEBUG - Sample now has selectionString: (1)
2019-05-24 18:03:17,207 - RootTools.core.Sample - DEBUG - Sample now has weightString: (1)
2019-05-24 18:03:17,207 - RootTools.core.Sample - DEBUG - Created new sample SingleElectron_Run2017BCDE with 40 files, treeName Events,  selectionStrings [] and weightStrings [].
2019-05-24 18:03:17,207 - RootTools.core.Sample - DEBUG - Loaded sample SingleElectron_Run2017BCDE from 40 files.
2019-05-24 18:03:18,637 - RootTools.core.helpers - INFO - Found proxy /afs/hephy.at/user/p/phussain/private/.proxy with lifetime 191 hours
2019-05-24 18:03:18,638 - RootTools.core.Sample - INFO - Using proxy /afs/hephy.at/user/p/phussain/private/.proxy
2019-05-24 18:03:18,765 - RootTools.core.Sample - DEBUG - Sample now has selectionString: (1)
2019-05-24 18:03:18,766 - RootTools.core.Sample - DEBUG - Sample now has weightString: (1)
2019-05-24 18:03:18,766 - RootTools.core.Sample - DEBUG - Created new sample SingleElectron_Run2017F with 10 files, treeName Events,  selectionStrings [] and weightStrings [].
2019-05-24 18:03:18,766 - RootTools.core.Sample - DEBUG - Loaded sample SingleElectron_Run2017F from 10 files.
2019-05-24 18:03:18,766 - RootTools.core.Sample - DEBUG - Sample now has selectionString: (1)
2019-05-24 18:03:18,767 - RootTools.core.Sample - DEBUG - Sample now has weightString: (1)
2019-05-24 18:03:18,767 - RootTools.core.Sample - DEBUG - Created new sample Run2017 with 250 files, treeName Events,  selectionStrings ['(1)'] and weightStrings [].
2019-05-24 18:03:18,767 - RootTools.core.Sample - DEBUG - Sample now has selectionString: (1)
2019-05-24 18:03:18,767 - RootTools.core.Sample - DEBUG - Sample now has weightString: (1)
2019-05-24 18:03:18,767 - RootTools.core.Sample - DEBUG - Created new sample Run2017B with 50 files, treeName Events,  selectionStrings ['(1)'] and weightStrings [].
2019-05-24 18:03:18,767 - RootTools.core.Sample - DEBUG - Sample now has selectionString: (1)
2019-05-24 18:03:18,767 - RootTools.core.Sample - DEBUG - Sample now has weightString: (1)
2019-05-24 18:03:18,767 - RootTools.core.Sample - DEBUG - Created new sample Run2017CDE with 150 files, treeName Events,  selectionStrings ['(1)'] and weightStrings [].
2019-05-24 18:03:18,768 - RootTools.core.Sample - DEBUG - Sample now has selectionString: (1)
2019-05-24 18:03:18,768 - RootTools.core.Sample - DEBUG - Sample now has weightString: (1)
2019-05-24 18:03:18,768 - RootTools.core.Sample - DEBUG - Created new sample Run2017BCDE with 200 files, treeName Events,  selectionStrings ['(1)'] and weightStrings [].
2019-05-24 18:03:18,768 - RootTools.core.Sample - DEBUG - Sample now has selectionString: (1)
2019-05-24 18:03:18,768 - RootTools.core.Sample - DEBUG - Sample now has weightString: (1)
2019-05-24 18:03:18,768 - RootTools.core.Sample - DEBUG - Created new sample Run2017F with 50 files, treeName Events,  selectionStrings ['(1)'] and weightStrings [].
2019-05-24 18:03:18,769 - StopsDilepton.samples.nanoTuples_Autumn18_postProcessed - INFO - Loading MC samples from directory /dpm/oeaw.ac.at/home/cms/store/user/rschoefbeck/Stops2l-postprocessed/stops_2018_nano_v0p10/dilep/
2019-05-24 18:03:20,200 - RootTools.core.helpers - INFO - Found proxy /afs/hephy.at/user/p/phussain/private/.proxy with lifetime 191 hours
2019-05-24 18:03:20,201 - RootTools.core.Sample - INFO - Using proxy /afs/hephy.at/user/p/phussain/private/.proxy
2019-05-24 18:03:26,869 - RootTools.core.Sample - DEBUG - Sample now has selectionString: (1)
2019-05-24 18:03:26,869 - RootTools.core.Sample - DEBUG - Sample now has weightString: (1)
2019-05-24 18:03:26,869 - RootTools.core.Sample - DEBUG - Created new sample DY_HT_LO with 290 files, treeName Events,  selectionStrings [] and weightStrings [].
2019-05-24 18:03:26,870 - RootTools.core.Sample - DEBUG - Loaded sample DY_HT_LO from 290 files.
2019-05-24 18:03:28,368 - RootTools.core.helpers - INFO - Found proxy /afs/hephy.at/user/p/phussain/private/.proxy with lifetime 191 hours
2019-05-24 18:03:28,368 - RootTools.core.Sample - INFO - Using proxy /afs/hephy.at/user/p/phussain/private/.proxy
2019-05-24 18:03:28,645 - RootTools.core.Sample - DEBUG - Sample now has selectionString: (1)
2019-05-24 18:03:28,645 - RootTools.core.Sample - DEBUG - Sample now has weightString: (1)
2019-05-24 18:03:28,645 - RootTools.core.Sample - DEBUG - Created new sample DY_LO with 80 files, treeName Events,  selectionStrings [] and weightStrings [].
2019-05-24 18:03:28,645 - RootTools.core.Sample - DEBUG - Loaded sample DY_LO from 80 files.
2019-05-24 18:03:30,072 - RootTools.core.helpers - INFO - Found proxy /afs/hephy.at/user/p/phussain/private/.proxy with lifetime 191 hours
2019-05-24 18:03:30,072 - RootTools.core.Sample - INFO - Using proxy /afs/hephy.at/user/p/phussain/private/.proxy
2019-05-24 18:03:30,874 - RootTools.core.Sample - DEBUG - Sample now has selectionString: (1)
2019-05-24 18:03:30,875 - RootTools.core.Sample - DEBUG - Sample now has weightString: (1)
2019-05-24 18:03:30,875 - RootTools.core.Sample - DEBUG - Created new sample Top_pow with 180 files, treeName Events,  selectionStrings [] and weightStrings [].
2019-05-24 18:03:30,875 - RootTools.core.Sample - DEBUG - Loaded sample Top_pow from 180 files.
2019-05-24 18:03:32,307 - RootTools.core.helpers - INFO - Found proxy /afs/hephy.at/user/p/phussain/private/.proxy with lifetime 191 hours
2019-05-24 18:03:32,308 - RootTools.core.Sample - INFO - Using proxy /afs/hephy.at/user/p/phussain/private/.proxy
2019-05-24 18:03:33,886 - RootTools.core.Sample - DEBUG - Sample now has selectionString: (1)
2019-05-24 18:03:33,886 - RootTools.core.Sample - DEBUG - Sample now has weightString: (1)
2019-05-24 18:03:33,886 - RootTools.core.Sample - DEBUG - Created new sample TTXNoZ with 125 files, treeName Events,  selectionStrings [] and weightStrings [].
2019-05-24 18:03:33,886 - RootTools.core.Sample - DEBUG - Loaded sample TTXNoZ from 125 files.
2019-05-24 18:03:35,332 - RootTools.core.helpers - INFO - Found proxy /afs/hephy.at/user/p/phussain/private/.proxy with lifetime 191 hours
2019-05-24 18:03:35,333 - RootTools.core.Sample - INFO - Using proxy /afs/hephy.at/user/p/phussain/private/.proxy
2019-05-24 18:03:37,095 - RootTools.core.Sample - DEBUG - Sample now has selectionString: (1)
2019-05-24 18:03:37,095 - RootTools.core.Sample - DEBUG - Sample now has weightString: (1)
2019-05-24 18:03:37,095 - RootTools.core.Sample - DEBUG - Created new sample TTX with 155 files, treeName Events,  selectionStrings [] and weightStrings [].
2019-05-24 18:03:37,095 - RootTools.core.Sample - DEBUG - Loaded sample TTX from 155 files.
2019-05-24 18:03:38,543 - RootTools.core.helpers - INFO - Found proxy /afs/hephy.at/user/p/phussain/private/.proxy with lifetime 191 hours
2019-05-24 18:03:38,544 - RootTools.core.Sample - INFO - Using proxy /afs/hephy.at/user/p/phussain/private/.proxy
2019-05-24 18:03:38,796 - RootTools.core.Sample - DEBUG - Sample now has selectionString: (1)
2019-05-24 18:03:38,796 - RootTools.core.Sample - DEBUG - Sample now has weightString: (1)
2019-05-24 18:03:38,796 - RootTools.core.Sample - DEBUG - Created new sample TTH with 30 files, treeName Events,  selectionStrings [] and weightStrings [].
2019-05-24 18:03:38,796 - RootTools.core.Sample - DEBUG - Loaded sample TTH from 30 files.
2019-05-24 18:03:40,226 - RootTools.core.helpers - INFO - Found proxy /afs/hephy.at/user/p/phussain/private/.proxy with lifetime 191 hours
2019-05-24 18:03:40,227 - RootTools.core.Sample - INFO - Using proxy /afs/hephy.at/user/p/phussain/private/.proxy
2019-05-24 18:03:40,481 - RootTools.core.Sample - DEBUG - Sample now has selectionString: (1)
2019-05-24 18:03:40,482 - RootTools.core.Sample - DEBUG - Sample now has weightString: (1)
2019-05-24 18:03:40,482 - RootTools.core.Sample - DEBUG - Created new sample TWZ with 16 files, treeName Events,  selectionStrings [] and weightStrings [].
2019-05-24 18:03:40,482 - RootTools.core.Sample - DEBUG - Loaded sample TWZ from 16 files.
2019-05-24 18:03:41,927 - RootTools.core.helpers - INFO - Found proxy /afs/hephy.at/user/p/phussain/private/.proxy with lifetime 191 hours
2019-05-24 18:03:41,927 - RootTools.core.Sample - INFO - Using proxy /afs/hephy.at/user/p/phussain/private/.proxy
2019-05-24 18:03:42,182 - RootTools.core.Sample - DEBUG - Sample now has selectionString: (1)
2019-05-24 18:03:42,182 - RootTools.core.Sample - DEBUG - Sample now has weightString: (1)
2019-05-24 18:03:42,182 - RootTools.core.Sample - DEBUG - Created new sample TTW with 34 files, treeName Events,  selectionStrings [] and weightStrings [].
2019-05-24 18:03:42,182 - RootTools.core.Sample - DEBUG - Loaded sample TTW from 34 files.
2019-05-24 18:03:43,638 - RootTools.core.helpers - INFO - Found proxy /afs/hephy.at/user/p/phussain/private/.proxy with lifetime 191 hours
2019-05-24 18:03:43,639 - RootTools.core.Sample - INFO - Using proxy /afs/hephy.at/user/p/phussain/private/.proxy
2019-05-24 18:03:43,773 - RootTools.core.Sample - DEBUG - Sample now has selectionString: (1)
2019-05-24 18:03:43,773 - RootTools.core.Sample - DEBUG - Sample now has weightString: (1)
2019-05-24 18:03:43,773 - RootTools.core.Sample - DEBUG - Created new sample TZQ with 20 files, treeName Events,  selectionStrings [] and weightStrings [].
2019-05-24 18:03:43,774 - RootTools.core.Sample - DEBUG - Loaded sample TZQ from 20 files.
2019-05-24 18:03:45,221 - RootTools.core.helpers - INFO - Found proxy /afs/hephy.at/user/p/phussain/private/.proxy with lifetime 191 hours
2019-05-24 18:03:45,222 - RootTools.core.Sample - INFO - Using proxy /afs/hephy.at/user/p/phussain/private/.proxy
2019-05-24 18:03:45,473 - RootTools.core.Sample - DEBUG - Sample now has selectionString: (1)
2019-05-24 18:03:45,473 - RootTools.core.Sample - DEBUG - Sample now has weightString: (1)
2019-05-24 18:03:45,473 - RootTools.core.Sample - DEBUG - Created new sample TTVV with 10 files, treeName Events,  selectionStrings [] and weightStrings [].
2019-05-24 18:03:45,473 - RootTools.core.Sample - DEBUG - Loaded sample TTVV from 10 files.
2019-05-24 18:03:46,945 - RootTools.core.helpers - INFO - Found proxy /afs/hephy.at/user/p/phussain/private/.proxy with lifetime 191 hours
2019-05-24 18:03:46,945 - RootTools.core.Sample - INFO - Using proxy /afs/hephy.at/user/p/phussain/private/.proxy
2019-05-24 18:03:47,191 - RootTools.core.Sample - DEBUG - Sample now has selectionString: (1)
2019-05-24 18:03:47,191 - RootTools.core.Sample - DEBUG - Sample now has weightString: (1)
2019-05-24 18:03:47,191 - RootTools.core.Sample - DEBUG - Created new sample THX with 10 files, treeName Events,  selectionStrings [] and weightStrings [].
2019-05-24 18:03:47,191 - RootTools.core.Sample - DEBUG - Loaded sample THX from 10 files.
2019-05-24 18:03:48,636 - RootTools.core.helpers - INFO - Found proxy /afs/hephy.at/user/p/phussain/private/.proxy with lifetime 191 hours
2019-05-24 18:03:48,637 - RootTools.core.Sample - INFO - Using proxy /afs/hephy.at/user/p/phussain/private/.proxy
2019-05-24 18:03:48,763 - RootTools.core.Sample - DEBUG - Sample now has selectionString: (1)
2019-05-24 18:03:48,763 - RootTools.core.Sample - DEBUG - Sample now has weightString: (1)
2019-05-24 18:03:48,764 - RootTools.core.Sample - DEBUG - Created new sample TTTT with 5 files, treeName Events,  selectionStrings [] and weightStrings [].
2019-05-24 18:03:48,764 - RootTools.core.Sample - DEBUG - Loaded sample TTTT from 5 files.
2019-05-24 18:03:50,198 - RootTools.core.helpers - INFO - Found proxy /afs/hephy.at/user/p/phussain/private/.proxy with lifetime 191 hours
2019-05-24 18:03:50,198 - RootTools.core.Sample - INFO - Using proxy /afs/hephy.at/user/p/phussain/private/.proxy
2019-05-24 18:03:50,454 - RootTools.core.Sample - DEBUG - Sample now has selectionString: (1)
2019-05-24 18:03:50,454 - RootTools.core.Sample - DEBUG - Sample now has weightString: (1)
2019-05-24 18:03:50,454 - RootTools.core.Sample - DEBUG - Created new sample TTZ with 30 files, treeName Events,  selectionStrings [] and weightStrings [].
2019-05-24 18:03:50,454 - RootTools.core.Sample - DEBUG - Loaded sample TTZ from 30 files.
2019-05-24 18:03:51,920 - RootTools.core.helpers - INFO - Found proxy /afs/hephy.at/user/p/phussain/private/.proxy with lifetime 191 hours
2019-05-24 18:03:51,921 - RootTools.core.Sample - INFO - Using proxy /afs/hephy.at/user/p/phussain/private/.proxy
2019-05-24 18:03:52,368 - RootTools.core.Sample - DEBUG - Sample now has selectionString: (1)
2019-05-24 18:03:52,369 - RootTools.core.Sample - DEBUG - Sample now has weightString: (1)
2019-05-24 18:03:52,369 - RootTools.core.Sample - DEBUG - Created new sample TTG with 20 files, treeName Events,  selectionStrings [] and weightStrings [].
2019-05-24 18:03:52,369 - RootTools.core.Sample - DEBUG - Loaded sample TTG from 20 files.
2019-05-24 18:03:53,801 - RootTools.core.helpers - INFO - Found proxy /afs/hephy.at/user/p/phussain/private/.proxy with lifetime 191 hours
2019-05-24 18:03:53,801 - RootTools.core.Sample - INFO - Using proxy /afs/hephy.at/user/p/phussain/private/.proxy
2019-05-24 18:03:53,931 - RootTools.core.Sample - DEBUG - Sample now has selectionString: (1)
2019-05-24 18:03:53,932 - RootTools.core.Sample - DEBUG - Sample now has weightString: (1)
2019-05-24 18:03:53,932 - RootTools.core.Sample - DEBUG - Created new sample VVTo2L2Nu with 20 files, treeName Events,  selectionStrings [] and weightStrings [].
2019-05-24 18:03:53,932 - RootTools.core.Sample - DEBUG - Loaded sample VVTo2L2Nu from 20 files.
2019-05-24 18:03:55,380 - RootTools.core.helpers - INFO - Found proxy /afs/hephy.at/user/p/phussain/private/.proxy with lifetime 191 hours
2019-05-24 18:03:55,381 - RootTools.core.Sample - INFO - Using proxy /afs/hephy.at/user/p/phussain/private/.proxy
2019-05-24 18:03:55,829 - RootTools.core.Sample - DEBUG - Sample now has selectionString: (1)
2019-05-24 18:03:55,829 - RootTools.core.Sample - DEBUG - Sample now has weightString: (1)
2019-05-24 18:03:55,829 - RootTools.core.Sample - DEBUG - Created new sample ZZ4l with 20 files, treeName Events,  selectionStrings [] and weightStrings [].
2019-05-24 18:03:55,829 - RootTools.core.Sample - DEBUG - Loaded sample ZZ4l from 20 files.
2019-05-24 18:03:57,282 - RootTools.core.helpers - INFO - Found proxy /afs/hephy.at/user/p/phussain/private/.proxy with lifetime 191 hours
2019-05-24 18:03:57,282 - RootTools.core.Sample - INFO - Using proxy /afs/hephy.at/user/p/phussain/private/.proxy
2019-05-24 18:03:57,413 - RootTools.core.Sample - DEBUG - Sample now has selectionString: (1)
2019-05-24 18:03:57,414 - RootTools.core.Sample - DEBUG - Sample now has weightString: (1)
2019-05-24 18:03:57,414 - RootTools.core.Sample - DEBUG - Created new sample WZ with 20 files, treeName Events,  selectionStrings [] and weightStrings [].
2019-05-24 18:03:57,414 - RootTools.core.Sample - DEBUG - Loaded sample WZ from 20 files.
